<?xml version="1.0" encoding="UTF-8"?>
<testng-results skipped="0" failed="0" ignored="0" total="0" passed="0">
  <reporter-output>
  </reporter-output>
  <suite name="demo1.Test1" duration-ms="3" started-at="2020-11-16T05:08:45Z" finished-at="2020-11-16T05:08:45Z">
    <groups>
    </groups>
    <test name="Command line test" duration-ms="3" started-at="2020-11-16T05:08:45Z" finished-at="2020-11-16T05:08:45Z">
    </test> <!-- Command line test -->
  </suite> <!-- demo1.Test1 -->
</testng-results>
